Started GET "/" for ::1 at 2022-09-26 18:59:27 -0500
  [1m[35m (2.7ms)[0m  [1m[34mSELECT sqlite_version(*)[0m
Processing by Rails::WelcomeController#index as HTML
  Rendering /Users/saul/.rvm/gems/ruby-3.0.0/gems/railties-6.1.7/lib/rails/templates/rails/welcome/index.html.erb
  Rendered /Users/saul/.rvm/gems/ruby-3.0.0/gems/railties-6.1.7/lib/rails/templates/rails/welcome/index.html.erb (Duration: 9.7ms | Allocations: 538)
Completed 200 OK in 61ms (Views: 16.4ms | ActiveRecord: 0.0ms | Allocations: 5175)


Started GET "/users/index" for ::1 at 2022-09-26 18:59:34 -0500
  
ActionController::RoutingError (No route matches [GET] "/users/index"):
  
Started GET "/users/" for ::1 at 2022-09-26 18:59:38 -0500
  
ActionController::RoutingError (No route matches [GET] "/users"):
  
Started GET "/users/index" for ::1 at 2022-09-26 19:11:04 -0500
  
NameError (undefined local variable or method `primary_abstract_class' for ApplicationRecord:Class
Did you mean?  primary_class?):
  
app/models/application_record.rb:2:in `<class:ApplicationRecord>'
app/models/application_record.rb:1:in `<main>'
app/models/user.rb:1:in `<main>'
config/routes.rb:2:in `block in <main>'
config/routes.rb:1:in `<main>'
Started GET "/users/index" for ::1 at 2022-09-26 19:12:05 -0500
  
NoMethodError (undefined method `devise' for User:Class):
  
app/models/user.rb:4:in `<class:User>'
app/models/user.rb:3:in `<main>'
config/routes.rb:2:in `block in <main>'
config/routes.rb:1:in `<main>'
  [1m[35m (1.9ms)[0m  [1m[34mSELECT sqlite_version(*)[0m
  [1m[35m (1.6ms)[0m  [1m[35mCREATE TABLE "schema_migrations" ("version" varchar NOT NULL PRIMARY KEY)[0m
  [1m[35m (1.5ms)[0m  [1m[35mCREATE TABLE "ar_internal_metadata" ("key" varchar NOT NULL PRIMARY KEY, "value" varchar, "created_at" datetime(6) NOT NULL, "updated_at" datetime(6) NOT NULL)[0m
  [1m[35m (0.1ms)[0m  [1m[34mSELECT "schema_migrations"."version" FROM "schema_migrations" ORDER BY "schema_migrations"."version" ASC[0m
Migrating to DeviseCreateUsers (20220927000116)
  [1m[36mTRANSACTION (0.1ms)[0m  [1m[36mbegin transaction[0m
  [1m[35m (0.5ms)[0m  [1m[35mCREATE TABLE "users" ("id" integer PRIMARY KEY AUTOINCREMENT NOT NULL, "email" varchar DEFAULT '' NOT NULL, "encrypted_password" varchar DEFAULT '' NOT NULL, "reset_password_token" varchar, "reset_password_sent_at" datetime, "remember_created_at" datetime, "role" integer, "created_at" datetime(6) NOT NULL, "updated_at" datetime(6) NOT NULL)[0m
  [1m[35m (0.3ms)[0m  [1m[35mCREATE UNIQUE INDEX "index_users_on_email" ON "users" ("email")[0m
  [1m[35m (0.2ms)[0m  [1m[35mCREATE UNIQUE INDEX "index_users_on_reset_password_token" ON "users" ("reset_password_token")[0m
  [1m[36mActiveRecord::SchemaMigration Create (0.2ms)[0m  [1m[32mINSERT INTO "schema_migrations" ("version") VALUES (?)[0m  [["version", "20220927000116"]]
  [1m[36mTRANSACTION (1.2ms)[0m  [1m[36mcommit transaction[0m
  [1m[36mActiveRecord::InternalMetadata Load (0.2ms)[0m  [1m[34mSELECT "ar_internal_metadata".* FROM "ar_internal_metadata" WHERE "ar_internal_metadata"."key" = ? LIMIT ?[0m  [["key", "environment"], ["LIMIT", 1]]
  [1m[36mTRANSACTION (0.1ms)[0m  [1m[36mbegin transaction[0m
  [1m[36mActiveRecord::InternalMetadata Create (0.4ms)[0m  [1m[32mINSERT INTO "ar_internal_metadata" ("key", "value", "created_at", "updated_at") VALUES (?, ?, ?, ?)[0m  [["key", "environment"], ["value", "development"], ["created_at", "2022-09-27 00:15:49.152510"], ["updated_at", "2022-09-27 00:15:49.152510"]]
  [1m[36mTRANSACTION (0.7ms)[0m  [1m[36mcommit transaction[0m
  [1m[35m (0.1ms)[0m  [1m[34mSELECT sqlite_version(*)[0m
  [1m[35m (0.1ms)[0m  [1m[34mSELECT "schema_migrations"."version" FROM "schema_migrations" ORDER BY "schema_migrations"."version" ASC[0m
  [1m[35m (0.5ms)[0m  [1m[34mSELECT sqlite_version(*)[0m
  [1m[35m (0.2ms)[0m  [1m[34mSELECT "schema_migrations"."version" FROM "schema_migrations" ORDER BY "schema_migrations"."version" ASC[0m
  [1m[36mActiveRecord::InternalMetadata Load (0.1ms)[0m  [1m[34mSELECT "ar_internal_metadata".* FROM "ar_internal_metadata" WHERE "ar_internal_metadata"."key" = ? LIMIT ?[0m  [["key", "environment"], ["LIMIT", 1]]
  [1m[35m (0.0ms)[0m  [1m[34mSELECT sqlite_version(*)[0m
  [1m[35m (0.3ms)[0m  [1m[34mSELECT "schema_migrations"."version" FROM "schema_migrations" ORDER BY "schema_migrations"."version" ASC[0m
Started GET "/users/index" for ::1 at 2022-09-26 19:18:31 -0500
  [1m[35m (1.0ms)[0m  [1m[34mSELECT sqlite_version(*)[0m
  [1m[35m (0.2ms)[0m  [1m[34mSELECT "schema_migrations"."version" FROM "schema_migrations" ORDER BY "schema_migrations"."version" ASC[0m
  
ActionController::RoutingError (No route matches [GET] "/users/index"):
  
Started GET "/users/index" for ::1 at 2022-09-26 19:25:17 -0500
  
SyntaxError (/Users/saul/Documents/Enroute/Betterment/training/ruby/projects/final_project/app/controllers/users_controller.rb:7: syntax error, unexpected local variable or method, expecting `do' or '{' or '('
    redirect_to root_path, error: 'You are not allowed...
                ^~~~~~~~~
):
  
app/controllers/users_controller.rb:7: syntax error, unexpected local variable or method, expecting `do' or '{' or '('
app/controllers/users_controller.rb:7: syntax error, unexpected local variable or method, expecting `do' or '{' or '('
app/controllers/users_controller.rb:7: syntax error, unexpected local variable or method, expecting `do' or '{' or '('
Started GET "/users/index" for ::1 at 2022-09-26 19:25:47 -0500
  
SyntaxError (/Users/saul/Documents/Enroute/Betterment/training/ruby/projects/final_project/app/controllers/users_controller.rb:7: syntax error, unexpected local variable or method, expecting `do' or '{' or '('
    redirect_to root_path, error: 'You are not allowed...
                ^~~~~~~~~
):
  
app/controllers/users_controller.rb:7: syntax error, unexpected local variable or method, expecting `do' or '{' or '('
app/controllers/users_controller.rb:7: syntax error, unexpected local variable or method, expecting `do' or '{' or '('
app/controllers/users_controller.rb:7: syntax error, unexpected local variable or method, expecting `do' or '{' or '('
Started GET "/users/index" for ::1 at 2022-09-26 19:25:48 -0500
  
SyntaxError (/Users/saul/Documents/Enroute/Betterment/training/ruby/projects/final_project/app/controllers/users_controller.rb:7: syntax error, unexpected local variable or method, expecting `do' or '{' or '('
    redirect_to root_path, error: 'You are not allowed...
                ^~~~~~~~~
):
  
app/controllers/users_controller.rb:7: syntax error, unexpected local variable or method, expecting `do' or '{' or '('
app/controllers/users_controller.rb:7: syntax error, unexpected local variable or method, expecting `do' or '{' or '('
app/controllers/users_controller.rb:7: syntax error, unexpected local variable or method, expecting `do' or '{' or '('
Started GET "/users/index" for ::1 at 2022-09-26 19:25:50 -0500
  
SyntaxError (/Users/saul/Documents/Enroute/Betterment/training/ruby/projects/final_project/app/controllers/users_controller.rb:7: syntax error, unexpected local variable or method, expecting `do' or '{' or '('
    redirect_to root_path, error: 'You are not allowed...
                ^~~~~~~~~
):
  
app/controllers/users_controller.rb:7: syntax error, unexpected local variable or method, expecting `do' or '{' or '('
app/controllers/users_controller.rb:7: syntax error, unexpected local variable or method, expecting `do' or '{' or '('
app/controllers/users_controller.rb:7: syntax error, unexpected local variable or method, expecting `do' or '{' or '('
Started GET "/users/index" for ::1 at 2022-09-26 19:26:01 -0500
  [1m[35m (0.7ms)[0m  [1m[34mSELECT sqlite_version(*)[0m
  [1m[35m (0.2ms)[0m  [1m[34mSELECT "schema_migrations"."version" FROM "schema_migrations" ORDER BY "schema_migrations"."version" ASC[0m
  
SyntaxError (/Users/saul/Documents/Enroute/Betterment/training/ruby/projects/final_project/app/controllers/users_controller.rb:7: syntax error, unexpected local variable or method, expecting `do' or '{' or '('
    redirect_to root_path, error: 'You are not allowed...
                ^~~~~~~~~
):
  
app/controllers/users_controller.rb:7: syntax error, unexpected local variable or method, expecting `do' or '{' or '('
app/controllers/users_controller.rb:7: syntax error, unexpected local variable or method, expecting `do' or '{' or '('
app/controllers/users_controller.rb:7: syntax error, unexpected local variable or method, expecting `do' or '{' or '('
Started GET "/users/index" for ::1 at 2022-09-26 19:26:47 -0500
Processing by UsersController#index as HTML
  Rendering layout layouts/application.html.erb
  Rendering users/index.html.erb within layouts/application
  [1m[35m (0.2ms)[0m  [1m[34mSELECT sqlite_version(*)[0m
  ↳ app/views/users/index.html.erb:14
  [1m[36mUser Load (0.2ms)[0m  [1m[34mSELECT "users".* FROM "users"[0m
  ↳ app/views/users/index.html.erb:14
  Rendered users/index.html.erb within layouts/application (Duration: 5.3ms | Allocations: 1550)
  Rendered layout layouts/application.html.erb (Duration: 1166.3ms | Allocations: 41264)
Completed 200 OK in 1235ms (Views: 1173.3ms | ActiveRecord: 0.9ms | Allocations: 48043)


Started GET "/articles/1" for ::1 at 2022-09-26 20:36:45 -0500
  
ActionController::RoutingError (No route matches [GET] "/articles/1"):
  
Started GET "/users" for ::1 at 2022-09-26 20:36:49 -0500
  
ActionController::RoutingError (No route matches [GET] "/users"):
  
Started GET "/users/new" for ::1 at 2022-09-26 20:37:01 -0500
Processing by UsersController#new as HTML
  Rendering layout layouts/application.html.erb
  Rendering users/new.html.erb within layouts/application
  Rendered users/new.html.erb within layouts/application (Duration: 0.9ms | Allocations: 98)
  Rendered layout layouts/application.html.erb (Duration: 29.5ms | Allocations: 4854)
Completed 200 OK in 36ms (Views: 34.6ms | Allocations: 6221)


Started GET "/users/new" for ::1 at 2022-09-26 20:37:17 -0500
Processing by UsersController#new as HTML
  Rendering layout layouts/application.html.erb
  Rendering users/new.html.erb within layouts/application
  Rendered users/new.html.erb within layouts/application (Duration: 0.0ms | Allocations: 4)
  Rendered layout layouts/application.html.erb (Duration: 40.0ms | Allocations: 4487)
Completed 200 OK in 47ms (Views: 45.9ms | Allocations: 4817)


Started GET "/" for ::1 at 2022-09-26 20:37:20 -0500
Processing by Rails::WelcomeController#index as HTML
  Rendering /Users/saul/.rvm/gems/ruby-3.0.0/gems/railties-6.1.7/lib/rails/templates/rails/welcome/index.html.erb
  Rendered /Users/saul/.rvm/gems/ruby-3.0.0/gems/railties-6.1.7/lib/rails/templates/rails/welcome/index.html.erb (Duration: 9.5ms | Allocations: 277)
Completed 200 OK in 16ms (Views: 13.3ms | Allocations: 1250)


Started GET "/" for ::1 at 2022-09-26 21:37:15 -0500
Processing by PagesController#home as HTML
  Rendering layout layouts/application.html.erb
  Rendering pages/home.html.erb within layouts/application
  Rendered pages/home.html.erb within layouts/application (Duration: 1.2ms | Allocations: 1151)
  Rendered layout layouts/application.html.erb (Duration: 1.4ms | Allocations: 1222)
Completed 500 Internal Server Error in 5ms (Allocations: 2716)


  
ActionView::SyntaxErrorInTemplate (Encountered a syntax error while rendering template: check <h1>Pages#home</h1>
<p>Find me in app/views/pages/home.html.erb</p>

<% if current_user %>
  <p>Hello <% current_user.email %>!</p>
  <%= link_to "Sign out", destroy_user_session_path %>
<% else %>
  <p>You are not signed in.</p>
  <%= link_to "Sign Up!", new_user_registration_path %>
  <br />
  <%= link_to "Login", new_user_session_path
<% end %>
):
1:    <h1>Pages#home</h1>
2:    <p>Find me in app/views/pages/home.html.erb</p>
3:    
4:    <% if current_user %>
5:      <p>Hello <% current_user.email %>!</p>
6:      <%= link_to "Sign out", destroy_user_session_path %>
7:    <% else %>
8:      <p>You are not signed in.</p>
9:      <%= link_to "Sign Up!", new_user_registration_path %>
10:      <br />
11:      <%= link_to "Login", new_user_session_path
12:    <% end %>
  
app/views/pages/home.html.erb:12: syntax error, unexpected '<', expecting ')'
app/views/pages/home.html.erb:14: syntax error, unexpected end-of-input, expecting `end'
app/views/pages/home.html.erb:12: syntax error, unexpected '<', expecting ')'
app/views/pages/home.html.erb:14: syntax error, unexpected end-of-input, expecting `end'
app/views/pages/home.html.erb:12: syntax error, unexpected '<', expecting ')'
app/views/pages/home.html.erb:14: syntax error, unexpected end-of-input, expecting `end'
app/views/pages/home.html.erb:12: syntax error, unexpected '<', expecting ')'
app/views/pages/home.html.erb:14: syntax error, unexpected end-of-input, expecting `end'
app/views/pages/home.html.erb:12: syntax error, unexpected '<', expecting ')'
app/views/pages/home.html.erb:14: syntax error, unexpected end-of-input, expecting `end'
app/views/pages/home.html.erb:12: syntax error, unexpected '<', expecting ')'
app/views/pages/home.html.erb:14: syntax error, unexpected end-of-input, expecting `end'
Started GET "/" for ::1 at 2022-09-26 21:37:24 -0500
Processing by PagesController#home as HTML
  Rendering layout layouts/application.html.erb
  Rendering pages/home.html.erb within layouts/application
  [1m[35m (0.1ms)[0m  [1m[34mSELECT sqlite_version(*)[0m
  ↳ app/views/pages/home.html.erb:4
  [1m[36mUser Load (0.7ms)[0m  [1m[34mSELECT "users".* FROM "users" WHERE "users"."id" = ? ORDER BY "users"."id" ASC LIMIT ?[0m  [["id", 2], ["LIMIT", 1]]
  ↳ app/views/pages/home.html.erb:4
  Rendered pages/home.html.erb within layouts/application (Duration: 28.6ms | Allocations: 9118)
  Rendered layout layouts/application.html.erb (Duration: 781.4ms | Allocations: 29151)
Completed 200 OK in 785ms (Views: 783.7ms | ActiveRecord: 1.9ms | Allocations: 30603)


Started GET "/users/sign_up" for ::1 at 2022-09-26 21:37:38 -0500
Processing by Devise::RegistrationsController#new as HTML
  Rendering layout layouts/application.html.erb
  Rendering devise/registrations/new.html.erb within layouts/application
  Rendered devise/shared/_error_messages.html.erb (Duration: 1.4ms | Allocations: 223)
  Rendered devise/shared/_links.html.erb (Duration: 1.8ms | Allocations: 652)
  Rendered devise/registrations/new.html.erb within layouts/application (Duration: 33.7ms | Allocations: 6583)
  Rendered layout layouts/application.html.erb (Duration: 37.2ms | Allocations: 8992)
Completed 200 OK in 50ms (Views: 41.3ms | ActiveRecord: 0.0ms | Allocations: 17203)


Started POST "/users" for ::1 at 2022-09-26 21:37:51 -0500
Processing by Devise::RegistrationsController#create as HTML
  Parameters: {"utf8"=>"✓", "authenticity_token"=>"[FILTERED]", "user"=>{"email"=>"test@test.com", "password"=>"[FILTERED]", "password_confirmation"=>"[FILTERED]"}, "commit"=>"Sign up"}
  [1m[36mTRANSACTION (0.1ms)[0m  [1m[36mbegin transaction[0m
  [1m[36mUser Exists? (0.8ms)[0m  [1m[34mSELECT 1 AS one FROM "users" WHERE "users"."email" = ? LIMIT ?[0m  [["email", "test@test.com"], ["LIMIT", 1]]
  [1m[36mUser Create (1.3ms)[0m  [1m[32mINSERT INTO "users" ("email", "encrypted_password", "created_at", "updated_at") VALUES (?, ?, ?, ?)[0m  [["email", "test@test.com"], ["encrypted_password", "$2a$12$VngJgNNa6qX5EHV4/sX0XemL8k/KLMfDp8mzvmV4iY8pOvNfwMMSm"], ["created_at", "2022-09-27 02:37:51.749860"], ["updated_at", "2022-09-27 02:37:51.749860"]]
  [1m[36mTRANSACTION (1.2ms)[0m  [1m[36mcommit transaction[0m
Redirected to http://localhost:3000/
Completed 302 Found in 292ms (ActiveRecord: 3.4ms | Allocations: 9892)


Started GET "/" for ::1 at 2022-09-26 21:37:51 -0500
Processing by PagesController#home as HTML
  Rendering layout layouts/application.html.erb
  Rendering pages/home.html.erb within layouts/application
  [1m[36mUser Load (0.1ms)[0m  [1m[34mSELECT "users".* FROM "users" WHERE "users"."id" = ? ORDER BY "users"."id" ASC LIMIT ?[0m  [["id", 1], ["LIMIT", 1]]
  ↳ app/views/pages/home.html.erb:4
  Rendered pages/home.html.erb within layouts/application (Duration: 3.8ms | Allocations: 3035)
  Rendered layout layouts/application.html.erb (Duration: 7.5ms | Allocations: 5372)
Completed 200 OK in 9ms (Views: 7.9ms | ActiveRecord: 0.1ms | Allocations: 5699)


Started GET "/users/sign_out" for ::1 at 2022-09-26 21:37:58 -0500
  
ActionController::RoutingError (No route matches [GET] "/users/sign_out"):
  
Started GET "/rails/info/routes?path=" for ::1 at 2022-09-26 21:39:05 -0500
Processing by Rails::InfoController#routes as */*
  Parameters: {"path"=>""}
Completed 200 OK in 5ms (Views: 0.5ms | ActiveRecord: 0.0ms | Allocations: 2844)


Started GET "/rails/info/routes?path=" for ::1 at 2022-09-26 21:39:06 -0500
Processing by Rails::InfoController#routes as */*
  Parameters: {"path"=>""}
Completed 200 OK in 3ms (Views: 1.0ms | ActiveRecord: 0.0ms | Allocations: 1801)


Started GET "/rails/info/routes?path=" for ::1 at 2022-09-26 21:39:06 -0500
Processing by Rails::InfoController#routes as */*
  Parameters: {"path"=>""}
Completed 200 OK in 3ms (Views: 0.7ms | ActiveRecord: 0.0ms | Allocations: 1803)


Started GET "/users/sign_out" for ::1 at 2022-09-26 21:39:28 -0500
  
ActionController::RoutingError (No route matches [GET] "/users/sign_out"):
  
Started GET "/" for ::1 at 2022-09-26 21:39:37 -0500
Processing by PagesController#home as HTML
  Rendering layout layouts/application.html.erb
  Rendering pages/home.html.erb within layouts/application
  [1m[36mUser Load (0.1ms)[0m  [1m[34mSELECT "users".* FROM "users" WHERE "users"."id" = ? ORDER BY "users"."id" ASC LIMIT ?[0m  [["id", 1], ["LIMIT", 1]]
  ↳ app/views/pages/home.html.erb:4
  Rendered pages/home.html.erb within layouts/application (Duration: 4.8ms | Allocations: 3243)
  Rendered layout layouts/application.html.erb (Duration: 11.2ms | Allocations: 5870)
Completed 200 OK in 15ms (Views: 13.9ms | ActiveRecord: 0.1ms | Allocations: 7321)


Started GET "/" for ::1 at 2022-09-26 21:39:58 -0500
  [1m[35m (2.3ms)[0m  [1m[34mSELECT sqlite_version(*)[0m
  [1m[35m (0.3ms)[0m  [1m[34mSELECT "schema_migrations"."version" FROM "schema_migrations" ORDER BY "schema_migrations"."version" ASC[0m
Processing by PagesController#home as HTML
  Rendering layout layouts/application.html.erb
  Rendering pages/home.html.erb within layouts/application
  [1m[36mUser Load (0.2ms)[0m  [1m[34mSELECT "users".* FROM "users" WHERE "users"."id" = ? ORDER BY "users"."id" ASC LIMIT ?[0m  [["id", 1], ["LIMIT", 1]]
  ↳ app/views/pages/home.html.erb:4
  Rendered pages/home.html.erb within layouts/application (Duration: 16.0ms | Allocations: 10296)
  Rendered layout layouts/application.html.erb (Duration: 100.9ms | Allocations: 43865)
Completed 200 OK in 119ms (Views: 105.9ms | ActiveRecord: 0.6ms | Allocations: 49034)


Started GET "/" for ::1 at 2022-09-26 21:40:07 -0500
Processing by PagesController#home as HTML
  Rendering layout layouts/application.html.erb
  Rendering pages/home.html.erb within layouts/application
  [1m[36mUser Load (0.1ms)[0m  [1m[34mSELECT "users".* FROM "users" WHERE "users"."id" = ? ORDER BY "users"."id" ASC LIMIT ?[0m  [["id", 1], ["LIMIT", 1]]
  ↳ app/views/pages/home.html.erb:4
  Rendered pages/home.html.erb within layouts/application (Duration: 6.4ms | Allocations: 3260)
  Rendered layout layouts/application.html.erb (Duration: 12.3ms | Allocations: 5871)
Completed 200 OK in 17ms (Views: 15.2ms | ActiveRecord: 0.1ms | Allocations: 7326)


Started DELETE "/users/sign_out" for ::1 at 2022-09-26 21:40:10 -0500
Processing by Devise::SessionsController#destroy as TURBO_STREAM
  [1m[36mUser Load (0.1ms)[0m  [1m[34mSELECT "users".* FROM "users" WHERE "users"."id" = ? ORDER BY "users"."id" ASC LIMIT ?[0m  [["id", 1], ["LIMIT", 1]]
Redirected to http://localhost:3000/
Completed 302 Found in 8ms (ActiveRecord: 0.1ms | Allocations: 4298)


Started DELETE "/" for ::1 at 2022-09-26 21:40:10 -0500
  
ActionController::RoutingError (No route matches [DELETE] "/"):
  
Started GET "/" for ::1 at 2022-09-26 21:40:10 -0500
Processing by PagesController#home as HTML
  Rendering layout layouts/application.html.erb
  Rendering pages/home.html.erb within layouts/application
  Rendered pages/home.html.erb within layouts/application (Duration: 2.3ms | Allocations: 2471)
  Rendered layout layouts/application.html.erb (Duration: 6.1ms | Allocations: 4818)
Completed 200 OK in 8ms (Views: 6.9ms | ActiveRecord: 0.0ms | Allocations: 5146)


Started GET "/users/sign_in" for ::1 at 2022-09-26 21:40:15 -0500
Processing by Devise::SessionsController#new as HTML
  Rendering layout layouts/application.html.erb
  Rendering devise/sessions/new.html.erb within layouts/application
  Rendered devise/shared/_links.html.erb (Duration: 1.2ms | Allocations: 836)
  Rendered devise/sessions/new.html.erb within layouts/application (Duration: 17.0ms | Allocations: 6162)
  Rendered layout layouts/application.html.erb (Duration: 19.9ms | Allocations: 8548)
Completed 200 OK in 28ms (Views: 23.6ms | ActiveRecord: 0.0ms | Allocations: 12549)


Started POST "/users/sign_in" for ::1 at 2022-09-26 21:40:24 -0500
Processing by Devise::SessionsController#create as HTML
  Parameters: {"utf8"=>"✓", "authenticity_token"=>"[FILTERED]", "user"=>{"email"=>"test@test.com", "password"=>"[FILTERED]", "remember_me"=>"0"}, "commit"=>"Log in"}
  [1m[36mUser Load (0.3ms)[0m  [1m[34mSELECT "users".* FROM "users" WHERE "users"."email" = ? ORDER BY "users"."id" ASC LIMIT ?[0m  [["email", "test@test.com"], ["LIMIT", 1]]
Redirected to http://localhost:3000/
Completed 302 Found in 277ms (ActiveRecord: 0.3ms | Allocations: 5979)


Started GET "/" for ::1 at 2022-09-26 21:40:24 -0500
Processing by PagesController#home as HTML
  Rendering layout layouts/application.html.erb
  Rendering pages/home.html.erb within layouts/application
  [1m[36mUser Load (0.1ms)[0m  [1m[34mSELECT "users".* FROM "users" WHERE "users"."id" = ? ORDER BY "users"."id" ASC LIMIT ?[0m  [["id", 1], ["LIMIT", 1]]
  ↳ app/views/pages/home.html.erb:4
  Rendered pages/home.html.erb within layouts/application (Duration: 2.4ms | Allocations: 3014)
  Rendered layout layouts/application.html.erb (Duration: 6.8ms | Allocations: 5359)
Completed 200 OK in 8ms (Views: 7.3ms | ActiveRecord: 0.1ms | Allocations: 5685)


  [1m[35m (1.9ms)[0m  [1m[34mSELECT sqlite_version(*)[0m
  [1m[36mUser Load (0.7ms)[0m  [1m[34mSELECT "users".* FROM "users" ORDER BY "users"."id" ASC LIMIT ?[0m  [["LIMIT", 1]]
  [1m[36mTRANSACTION (0.1ms)[0m  [1m[36mbegin transaction[0m
  [1m[36mUser Update (0.9ms)[0m  [1m[33mUPDATE "users" SET "role" = ?, "updated_at" = ? WHERE "users"."id" = ?[0m  [["role", 1], ["updated_at", "2022-09-27 03:14:47.167565"], ["id", 1]]
  [1m[36mTRANSACTION (1.3ms)[0m  [1m[36mcommit transaction[0m
Started GET "/" for ::1 at 2022-09-26 22:14:58 -0500
  [1m[35m (0.8ms)[0m  [1m[34mSELECT sqlite_version(*)[0m
  [1m[35m (0.8ms)[0m  [1m[34mSELECT "schema_migrations"."version" FROM "schema_migrations" ORDER BY "schema_migrations"."version" ASC[0m
Processing by PagesController#home as HTML
  Rendering layout layouts/application.html.erb
  Rendering pages/home.html.erb within layouts/application
  [1m[36mUser Load (0.2ms)[0m  [1m[34mSELECT "users".* FROM "users" WHERE "users"."id" = ? ORDER BY "users"."id" ASC LIMIT ?[0m  [["id", 1], ["LIMIT", 1]]
  ↳ app/views/pages/home.html.erb:4
  Rendered pages/home.html.erb within layouts/application (Duration: 16.4ms | Allocations: 9947)
  Rendered layout layouts/application.html.erb (Duration: 77.1ms | Allocations: 37863)
Completed 200 OK in 94ms (Views: 82.7ms | ActiveRecord: 0.8ms | Allocations: 43033)


Started GET "/" for ::1 at 2022-09-26 22:15:14 -0500
Processing by PagesController#home as HTML
  Rendering layout layouts/application.html.erb
  Rendering pages/home.html.erb within layouts/application
  [1m[36mUser Load (0.1ms)[0m  [1m[34mSELECT "users".* FROM "users" WHERE "users"."id" = ? ORDER BY "users"."id" ASC LIMIT ?[0m  [["id", 1], ["LIMIT", 1]]
  ↳ app/views/pages/home.html.erb:4
  Rendered pages/home.html.erb within layouts/application (Duration: 3.7ms | Allocations: 3282)
  Rendered layout layouts/application.html.erb (Duration: 9.6ms | Allocations: 5893)
Completed 200 OK in 13ms (Views: 12.1ms | ActiveRecord: 0.1ms | Allocations: 7348)


Started GET "/" for ::1 at 2022-09-26 22:33:38 -0500
Processing by PagesController#home as HTML
  Rendering layout layouts/application.html.erb
  Rendering pages/home.html.erb within layouts/application
  [1m[35m (0.1ms)[0m  [1m[34mSELECT sqlite_version(*)[0m
  ↳ app/views/pages/home.html.erb:4
  [1m[36mUser Load (0.2ms)[0m  [1m[34mSELECT "users".* FROM "users" WHERE "users"."id" = ? ORDER BY "users"."id" ASC LIMIT ?[0m  [["id", 1], ["LIMIT", 1]]
  ↳ app/views/pages/home.html.erb:4
  Rendered pages/home.html.erb within layouts/application (Duration: 3.8ms | Allocations: 3668)
  Rendered layout layouts/application.html.erb (Duration: 12.0ms | Allocations: 6008)
Completed 200 OK in 14ms (Views: 12.6ms | ActiveRecord: 0.4ms | Allocations: 6338)


Started GET "/users/index" for ::1 at 2022-09-26 22:33:44 -0500
Processing by UsersController#index as HTML
  Rendering layout layouts/application.html.erb
  Rendering users/index.html.erb within layouts/application
  [1m[36mUser Load (0.3ms)[0m  [1m[34mSELECT "users".* FROM "users"[0m
  ↳ app/views/users/index.html.erb:14
  Rendered users/index.html.erb within layouts/application (Duration: 3.3ms | Allocations: 1128)
  Rendered layout layouts/application.html.erb (Duration: 7.6ms | Allocations: 5759)
Completed 200 OK in 13ms (Views: 10.9ms | ActiveRecord: 0.3ms | Allocations: 7051)


Started GET "/users/edit.1" for ::1 at 2022-09-26 22:33:49 -0500
Processing by Devise::RegistrationsController#edit as */*
  [1m[36mUser Load (0.1ms)[0m  [1m[34mSELECT "users".* FROM "users" WHERE "users"."id" = ? ORDER BY "users"."id" ASC LIMIT ?[0m  [["id", 1], ["LIMIT", 1]]
  Rendering layout layouts/application.html.erb
  Rendering devise/registrations/edit.html.erb within layouts/application
  Rendered devise/shared/_error_messages.html.erb (Duration: 1.2ms | Allocations: 227)
  Rendered devise/registrations/edit.html.erb within layouts/application (Duration: 34.4ms | Allocations: 5310)
  Rendered layout layouts/application.html.erb (Duration: 38.0ms | Allocations: 7700)
Completed 200 OK in 45ms (Views: 40.8ms | ActiveRecord: 0.1ms | Allocations: 12132)


  [1m[36mTRANSACTION (0.1ms)[0m  [1m[36mbegin transaction[0m
  [1m[36mUser Update (0.6ms)[0m  [1m[33mUPDATE "users" SET "role" = ?, "updated_at" = ? WHERE "users"."id" = ?[0m  [["role", 2], ["updated_at", "2022-09-27 03:34:05.028032"], ["id", 1]]
  [1m[36mTRANSACTION (2.0ms)[0m  [1m[36mcommit transaction[0m
Started GET "/" for ::1 at 2022-09-26 22:34:30 -0500
Processing by PagesController#home as HTML
  Rendering layout layouts/application.html.erb
  Rendering pages/home.html.erb within layouts/application
  [1m[36mUser Load (0.1ms)[0m  [1m[34mSELECT "users".* FROM "users" WHERE "users"."id" = ? ORDER BY "users"."id" ASC LIMIT ?[0m  [["id", 1], ["LIMIT", 1]]
  ↳ app/views/pages/home.html.erb:4
  Rendered pages/home.html.erb within layouts/application (Duration: 2.2ms | Allocations: 3025)
  Rendered layout layouts/application.html.erb (Duration: 4.9ms | Allocations: 5362)
Completed 200 OK in 6ms (Views: 5.3ms | ActiveRecord: 0.1ms | Allocations: 5688)


Started GET "/users/index" for ::1 at 2022-09-26 22:34:36 -0500
Processing by UsersController#index as HTML
  Rendering layout layouts/application.html.erb
  Rendering users/index.html.erb within layouts/application
  [1m[36mUser Load (0.3ms)[0m  [1m[34mSELECT "users".* FROM "users"[0m
  ↳ app/views/users/index.html.erb:14
  Rendered users/index.html.erb within layouts/application (Duration: 1.8ms | Allocations: 715)
  Rendered layout layouts/application.html.erb (Duration: 7.0ms | Allocations: 5274)
Completed 200 OK in 9ms (Views: 7.4ms | ActiveRecord: 0.3ms | Allocations: 5618)


Started GET "/users/edit.1" for ::1 at 2022-09-26 22:34:38 -0500
Processing by Devise::RegistrationsController#edit as */*
  [1m[36mUser Load (0.2ms)[0m  [1m[34mSELECT "users".* FROM "users" WHERE "users"."id" = ? ORDER BY "users"."id" ASC LIMIT ?[0m  [["id", 1], ["LIMIT", 1]]
  Rendering layout layouts/application.html.erb
  Rendering devise/registrations/edit.html.erb within layouts/application
  Rendered devise/shared/_error_messages.html.erb (Duration: 0.0ms | Allocations: 9)
  Rendered devise/registrations/edit.html.erb within layouts/application (Duration: 16.4ms | Allocations: 4896)
  Rendered layout layouts/application.html.erb (Duration: 19.7ms | Allocations: 7220)
Completed 200 OK in 25ms (Views: 20.4ms | ActiveRecord: 0.2ms | Allocations: 10307)


